<?xml version="1.0" encoding="UTF-8"?>
<testng-results skipped="0" failed="0" total="2" passed="2">
  <reporter-output>
  </reporter-output>
  <suite name="Default suite" duration-ms="1374" started-at="2016-03-09T04:50:09Z" finished-at="2016-03-09T04:50:10Z">
    <groups>
    </groups>
    <test name="Default test" duration-ms="1374" started-at="2016-03-09T04:50:09Z" finished-at="2016-03-09T04:50:10Z">
      <class name="com.test.HomePageTest">
        <test-method status="PASS" signature="setUp()[pri:0, instance:com.test.HomePageTest@f5f2bb7]" name="setUp" is-config="true" duration-ms="9944" started-at="2016-03-08T20:49:59Z" finished-at="2016-03-08T20:50:09Z">
          <reporter-output>
          </reporter-output>
        </test-method> <!-- setUp -->
        <test-method status="PASS" signature="initialize()[pri:0, instance:com.test.HomePageTest@f5f2bb7]" name="initialize" is-config="true" duration-ms="3" started-at="2016-03-08T20:50:09Z" finished-at="2016-03-08T20:50:09Z">
          <reporter-output>
          </reporter-output>
        </test-method> <!-- initialize -->
        <test-method status="PASS" signature="testCountSocialIcons()[pri:0, instance:com.test.HomePageTest@f5f2bb7]" name="testCountSocialIcons" duration-ms="222" started-at="2016-03-08T20:50:09Z" finished-at="2016-03-08T20:50:09Z">
          <reporter-output>
          </reporter-output>
        </test-method> <!-- testCountSocialIcons -->
        <test-method status="PASS" signature="testLoginClick()[pri:0, instance:com.test.HomePageTest@f5f2bb7]" name="testLoginClick" duration-ms="1132" started-at="2016-03-08T20:50:09Z" finished-at="2016-03-08T20:50:10Z">
          <reporter-output>
          </reporter-output>
        </test-method> <!-- testLoginClick -->
      </class> <!-- com.test.HomePageTest -->
    </test> <!-- Default test -->
  </suite> <!-- Default suite -->
</testng-results>
