<?xml version="1.0" encoding="UTF-8"?>
<testng-results skipped="0" failed="0" total="6" passed="6">
  <reporter-output>
  </reporter-output>
  <suite name="Default suite" duration-ms="51" started-at="2016-01-22T05:10:43Z" finished-at="2016-01-22T05:10:43Z">
    <groups>
    </groups>
    <test name="Default test" duration-ms="51" started-at="2016-01-22T05:10:43Z" finished-at="2016-01-22T05:10:43Z">
      <class name="assignmenttest.vowelstest">
        <test-method status="PASS" signature="checkvowels()[pri:0, instance:assignmenttest.vowelstest@3ac42916]" name="checkvowels" duration-ms="13" started-at="2016-01-21T21:10:43Z" finished-at="2016-01-21T21:10:43Z">
          <reporter-output>
          </reporter-output>
        </test-method> <!-- checkvowels -->
        <test-method status="PASS" signature="checkvowels1()[pri:0, instance:assignmenttest.vowelstest@3ac42916]" name="checkvowels1" duration-ms="1" started-at="2016-01-21T21:10:43Z" finished-at="2016-01-21T21:10:43Z">
          <reporter-output>
          </reporter-output>
        </test-method> <!-- checkvowels1 -->
        <test-method status="PASS" signature="checkvowels2()[pri:0, instance:assignmenttest.vowelstest@3ac42916]" name="checkvowels2" duration-ms="2" started-at="2016-01-21T21:10:43Z" finished-at="2016-01-21T21:10:43Z">
          <reporter-output>
          </reporter-output>
        </test-method> <!-- checkvowels2 -->
        <test-method status="PASS" signature="checkvowels5()[pri:0, instance:assignmenttest.vowelstest@3ac42916]" name="checkvowels5" duration-ms="1" started-at="2016-01-21T21:10:43Z" finished-at="2016-01-21T21:10:43Z">
          <reporter-output>
          </reporter-output>
        </test-method> <!-- checkvowels5 -->
        <test-method status="PASS" signature="checkvowels6()[pri:0, instance:assignmenttest.vowelstest@3ac42916]" name="checkvowels6" duration-ms="1" started-at="2016-01-21T21:10:43Z" finished-at="2016-01-21T21:10:43Z">
          <reporter-output>
          </reporter-output>
        </test-method> <!-- checkvowels6 -->
        <test-method status="PASS" signature="checkvowels7()[pri:0, instance:assignmenttest.vowelstest@3ac42916]" name="checkvowels7" duration-ms="1" started-at="2016-01-21T21:10:43Z" finished-at="2016-01-21T21:10:43Z">
          <reporter-output>
          </reporter-output>
        </test-method> <!-- checkvowels7 -->
      </class> <!-- assignmenttest.vowelstest -->
    </test> <!-- Default test -->
  </suite> <!-- Default suite -->
</testng-results>
