<?xml version="1.0" encoding="UTF-8"?>
<!-- Generated by org.testng.reporters.JUnitXMLReporter -->
<testsuite hostname="KrithikK" name="FunctTest" tests="6" failures="4" timestamp="5 Mar 2016 18:32:24 GMT" time="1.285" errors="0">
  <testcase name="testCountSocialIcons" time="0.1" classname="com.test.HomePageTest"/>
  <testcase name="testLoginClick" time="1.152" classname="com.test.HomePageTest"/>
  <testcase name="testCountSocialIcons" time="0.001" classname="com.test.LoginPageTest">
    <failure type="java.lang.NullPointerException">
      <![CDATA[java.lang.NullPointerException
	at com.test.HomePageTest.testCountSocialIcons(HomePageTest.java:28)
... Removed 24 stack frames]]>
    </failure>
  </testcase> <!-- testCountSocialIcons -->
  <testcase name="testLoginClick" time="0.001" classname="com.test.LoginPageTest">
    <failure type="java.lang.NullPointerException">
      <![CDATA[java.lang.NullPointerException
	at com.test.HomePageTest.testLoginClick(HomePageTest.java:37)
... Removed 24 stack frames]]>
    </failure>
  </testcase> <!-- testLoginClick -->
  <testcase name="testInvalidLogin" time="0.001" classname="com.test.LoginPageTest">
    <failure type="java.lang.NullPointerException">
      <![CDATA[java.lang.NullPointerException
	at com.page.LoginPage.login_verify(LoginPage.java:17)
	at com.test.LoginPageTest.testInvalidLogin(LoginPageTest.java:33)
... Removed 24 stack frames]]>
    </failure>
  </testcase> <!-- testInvalidLogin -->
  <testcase name="testInvalidLogin" time="0.0" classname="com.test.LoginPageTest">
    <failure type="java.lang.NullPointerException">
      <![CDATA[java.lang.NullPointerException
	at com.page.LoginPage.login_verify(LoginPage.java:17)
	at com.test.LoginPageTest.testInvalidLogin(LoginPageTest.java:33)
... Removed 24 stack frames]]>
    </failure>
  </testcase> <!-- testInvalidLogin -->
</testsuite> <!-- FunctTest -->
