<?xml version="1.0" encoding="UTF-8"?>
<!-- Generated by org.testng.reporters.JUnitXMLReporter -->
<testsuite hostname="KrithikK" name="Default test" tests="6" failures="0" timestamp="22 Jan 2016 05:10:43 GMT" time="0.051" errors="0">
  <testcase name="checkvowels" time="0.013" classname="assignmenttest.vowelstest"/>
  <testcase name="checkvowels1" time="0.001" classname="assignmenttest.vowelstest"/>
  <testcase name="checkvowels2" time="0.002" classname="assignmenttest.vowelstest"/>
  <testcase name="checkvowels5" time="0.001" classname="assignmenttest.vowelstest"/>
  <testcase name="checkvowels6" time="0.001" classname="assignmenttest.vowelstest"/>
  <testcase name="checkvowels7" time="0.001" classname="assignmenttest.vowelstest"/>
</testsuite> <!-- Default test -->
